[1/55] Automatic MOC for target IometerQtCore
[2/55] Building CXX object CMakeFiles\IometerQtCore.dir\C_\Users\jeiler.000\iometer\github\iometer\src\core\DynamoConnection.cpp.obj
[3/55] Building CXX object CMakeFiles\IometerQtCore.dir\C_\Users\jeiler.000\iometer\github\iometer\src\core\TestRunner.cpp.obj
[4/55] Building CXX object CMakeFiles\IometerQtCore.dir\C_\Users\jeiler.000\iometer\github\iometer\src\core\ResultsWriter.cpp.obj
[5/55] Building CXX object CMakeFiles\IometerQtCore.dir\C_\Users\jeiler.000\iometer\github\iometer\src\core\WorkerPool.cpp.obj
[6/55] Building CXX object CMakeFiles\IometerQtCore.dir\C_\Users\jeiler.000\iometer\github\iometer\src\core\IcfFile.cpp.obj
[7/55] Building CXX object CMakeFiles\IometerQtCore.dir\BarChartWidget.cpp.obj
[8/55] Building CXX object CMakeFiles\IometerQtCore.dir\BigMeterWidget.cpp.obj
[9/55] Building CXX object CMakeFiles\IometerQtCore.dir\MeterWidget.cpp.obj
[10/55] Building CXX object CMakeFiles\IometerQtCore.dir\PageResults.cpp.obj
[11/55] Building CXX object CMakeFiles\IometerQtCore.dir\PageDisplay.cpp.obj
[12/55] Building CXX object CMakeFiles\IometerQtCore.dir\DemoEngine.cpp.obj
[13/55] Building CXX object CMakeFiles\IometerQtCore.dir\PageNetwork.cpp.obj
[14/55] Building CXX object CMakeFiles\IometerQtCore.dir\PageSetup.cpp.obj
[15/55] Building CXX object CMakeFiles\IometerQtCore.dir\IometerQtCore_autogen\mocs_compilation.cpp.obj
[16/55] Building CXX object CMakeFiles\IometerQtCore.dir\PageAccess.cpp.obj
[17/55] Building CXX object CMakeFiles\IometerQtCore.dir\MainWindow.cpp.obj
C:\Users\jeiler.000\iometer\github\iometer\src\qt\MainWindow.cpp(208,15): warning: 'addAction' is deprecated: Use addAction(text, shortcut, object, slot) instead. [-Wdeprecated-declarations]
  208 |     fileMenu->addAction("E&xit", QApplication::instance(), &QApplication::quit,
      |               ^
C:\Qt\6.8.3\msvc2022_64\include\QtWidgets/qmenu.h(78,9): note: 'addAction' has been explicitly marked deprecated here
   78 |         addAction(const QString &text, const Obj *object, Func1 slot,
      |         ^
C:\Users\jeiler.000\iometer\github\iometer\src\qt\MainWindow.cpp(208,15): warning: 'addAction<QCoreApplication, void (*)()>' is deprecated: Use addAction(text, shortcut, object, slot) instead. [-Wdeprecated-declarations]
  208 |     fileMenu->addAction("E&xit", QApplication::instance(), &QApplication::quit,
      |               ^
C:\Qt\6.8.3\msvc2022_64\include\QtWidgets/qmenu.h(75,5): note: 'addAction<QCoreApplication, void (*)()>' has been explicitly marked deprecated here
   75 |     QT_DEPRECATED_VERSION_X_6_4("Use addAction(text, shortcut, object, slot) instead.")
      |     ^
C:\Qt\6.8.3\msvc2022_64\include\QtCore/qtdeprecationmarkers.h(139,44): note: expanded from macro 'QT_DEPRECATED_VERSION_X_6_4'
  139 | # define QT_DEPRECATED_VERSION_X_6_4(text) QT_DEPRECATED_X(text)
      |                                            ^
C:\Qt\6.8.3\msvc2022_64\include\QtCore/qtdeprecationmarkers.h(29,33): note: expanded from macro 'QT_DEPRECATED_X'
   29 | #  define QT_DEPRECATED_X(text) Q_DECL_DEPRECATED_X(text)
      |                                 ^
C:\Qt\6.8.3\msvc2022_64\include\QtCore/qcompilerdetection.h(994,36): note: expanded from macro 'Q_DECL_DEPRECATED_X'
  994 | #  define Q_DECL_DEPRECATED_X(x) [[deprecated(x)]]
      |                                    ^
2 warnings generated.
[18/55] Building CXX object CMakeFiles\IometerQtCore.dir\DynamoEngine.cpp.obj
C:\Users\jeiler.000\iometer\github\iometer\src\qt\DynamoEngine.cpp(784,10): warning: 'strncpy' is deprecated: This function or variable may be unsafe. Consider using strncpy_s instead. To disable deprecation, use _CRT_SECURE_NO_WARNINGS. See online help for details. [-Wdeprecated-declarations]
  784 |     std::strncpy(ts.name, spec.name.c_str(), sizeof(ts.name) - 1);
      |          ^
C:\Program Files (x86)\Windows Kits\10\Include\10.0.26100.0\ucrt\string.h(334,1): note: 'strncpy' has been explicitly marked deprecated here
  334 | __DEFINE_CPP_OVERLOAD_STANDARD_NFUNC_0_2_EX(
      | ^
C:\Program Files (x86)\Windows Kits\10\Include\10.0.26100.0\ucrt\corecrt.h(1974,17): note: expanded from macro '__DEFINE_CPP_OVERLOAD_STANDARD_NFUNC_0_2_EX'
 1974 |                 _CRT_INSECURE_DEPRECATE(_SecureFuncName) _DeclSpec _ReturnType __cdecl _FuncName(_SalAttributeDst _DstType *_Dst, _TType1 _TArg1, _TType2 _TArg2);
      |                 ^
C:\Program Files\Microsoft Visual Studio\18\Community\VC\Tools\MSVC\14.51.36231\include\vcruntime.h(358,55): note: expanded from macro '_CRT_INSECURE_DEPRECATE'
  358 |         #define _CRT_INSECURE_DEPRECATE(_Replacement) _CRT_DEPRECATE_TEXT(    \
      |                                                       ^
C:\Program Files\Microsoft Visual Studio\18\Community\VC\Tools\MSVC\14.51.36231\include\vcruntime.h(348,47): note: expanded from macro '_CRT_DEPRECATE_TEXT'
  348 | #define _CRT_DEPRECATE_TEXT(_Text) __declspec(deprecated(_Text))
      |                                               ^
1 warning generated.
[19/55] Linking CXX static library IometerQtCore.lib
[20/55] Automatic MOC for target tst_accessspecs
[21/55] Automatic MOC for target tst_types
[22/55] Automatic MOC for target tst_icf
[23/55] Automatic MOC for target tst_results
[24/55] Automatic MOC for target tst_workerpool
[25/55] Building CXX object CMakeFiles\tst_types.dir\tst_types_autogen\mocs_compilation.cpp.obj
[26/55] Automatic MOC for target tst_testrunner
[27/55] Building CXX object CMakeFiles\tst_accessspecs.dir\tst_accessspecs_autogen\mocs_compilation.cpp.obj
[28/55] Building CXX object CMakeFiles\tst_icf.dir\tst_icf_autogen\mocs_compilation.cpp.obj
[29/55] Automatic MOC for target tst_dynamoconn
[30/55] Automatic MOC for target tst_icffile
[31/55] Automatic MOC for target tst_resultswriter
[32/55] Building CXX object CMakeFiles\tst_results.dir\tst_results_autogen\mocs_compilation.cpp.obj
[33/55] Building CXX object CMakeFiles\tst_workerpool.dir\tst_workerpool_autogen\mocs_compilation.cpp.obj
[34/55] Building CXX object CMakeFiles\tst_testrunner.dir\tst_testrunner_autogen\mocs_compilation.cpp.obj
[35/55] Building CXX object CMakeFiles\tst_dynamoconn.dir\tst_dynamoconn_autogen\mocs_compilation.cpp.obj
[36/55] Building CXX object CMakeFiles\tst_icffile.dir\tst_icffile_autogen\mocs_compilation.cpp.obj
[37/55] Building CXX object CMakeFiles\tst_resultswriter.dir\tst_resultswriter_autogen\mocs_compilation.cpp.obj
[38/55] Building CXX object CMakeFiles\tst_dynamoconn.dir\tests\tst_dynamoconn.cpp.obj
[39/55] Building CXX object CMakeFiles\tst_types.dir\tests\tst_types.cpp.obj
[40/55] Linking CXX executable tst_dynamoconn.exe
[41/55] Building CXX object CMakeFiles\tst_icf.dir\tests\tst_icf.cpp.obj
[42/55] Linking CXX executable tst_types.exe
[43/55] Building CXX object CMakeFiles\tst_workerpool.dir\tests\tst_workerpool.cpp.obj
[44/55] Building CXX object CMakeFiles\tst_results.dir\tests\tst_results.cpp.obj
[45/55] Building CXX object CMakeFiles\tst_accessspecs.dir\tests\tst_accessspecs.cpp.obj
[46/55] Building CXX object CMakeFiles\tst_testrunner.dir\tests\tst_testrunner.cpp.obj
[47/55] Building CXX object CMakeFiles\tst_icffile.dir\tests\tst_icffile.cpp.obj
[48/55] Linking CXX executable tst_icf.exe
[49/55] Linking CXX executable tst_workerpool.exe
[50/55] Linking CXX executable tst_results.exe
[51/55] Linking CXX executable tst_accessspecs.exe
[52/55] Linking CXX executable tst_testrunner.exe
[53/55] Linking CXX executable tst_icffile.exe
[54/55] Building CXX object CMakeFiles\tst_resultswriter.dir\tests\tst_resultswriter.cpp.obj
[55/55] Linking CXX executable tst_resultswriter.exe
